=== Cargando portfolio Menendez (9 activos, H4->M30) ===
>> GBPUSD.r... OK (59818 velas)
>> USDCHF.r... OK (59817 velas)
>> USDJPY... OK (101653 velas)
>> USDCAD.r... OK (59820 velas)
>> EURUSD.r... OK (101654 velas)
>> AUDUSD.r... OK (59821 velas)
>> NZDUSD.r... OK (59818 velas)
>> EURGBP.r... OK (59821 velas)
>> EURJPY.r... OK (101653 velas)
=== Portfolio Menendez listo: 9/9 activos ===

==================================================
  menendez_core
==================================================
  Trades: 45 | WR: 26.7% | PF: 0.42 | Ret: -18.71%
=== Cargando portfolio Menendez (9 activos, H4->M30) ===
>> GBPUSD.r... OK (59818 velas)
>> USDCHF.r... OK (59817 velas)
>> USDJPY... OK (101653 velas)
>> USDCAD.r... OK (59820 velas)
>> EURUSD.r... OK (101654 velas)
>> AUDUSD.r... OK (59821 velas)
>> EURGBP.r... OK (59821 velas)
>> NZDUSD.r... OK (59818 velas)
>> EURJPY.r... OK (101653 velas)
=== Portfolio Menendez listo: 9/9 activos ===

==================================================
  menendez_core
==================================================
  Trades: 49 | WR: 32.7% | PF: 0.68 | Ret: -10.64%
=== Cargando portfolio Menendez (9 activos, H4->M30) ===
>> GBPUSD.r... OK (59818 velas)
>> EURUSD.r... OK (101654 velas)
>> USDCHF.r... OK (59817 velas)
>> USDCAD.r... OK (59820 velas)
>> AUDUSD.r... OK (59821 velas)
>> USDJPY... OK (101653 velas)
>> EURGBP.r... OK (59821 velas)
>> NZDUSD.r... OK (59818 velas)
>> EURJPY.r... OK (101653 velas)
=== Portfolio Menendez listo: 9/9 activos ===

==================================================
  menendez_core
==================================================
  Trades: 10 | WR: 20.0% | PF: 0.26 | Ret: -6.03%
Artifacts escritos en: C:\Users\ralr1\Desktop\CD\TFG\TFG-Raul_Rodriguez\artifacts\menendez\cierre_empirico_2026-05-14_phase9
